  MouseInputHandler.cpp
c:\users\piete\documents\thirdperson\project_thirdperson\mge_v18_student_version\src\thirdperson\scripts\gridgenerator.h(122): warning C4244: 'argument': conversion from 'float' to 'int', possible loss of data
c:\users\piete\documents\thirdperson\project_thirdperson\mge_v18_student_version\src\thirdperson\scripts\mouseinputhandler.cpp(40): warning C4244: 'argument': conversion from 'int' to 'float', possible loss of data
c:\users\piete\documents\thirdperson\project_thirdperson\mge_v18_student_version\src\thirdperson\scripts\mouseinputhandler.cpp(55): warning C4244: 'argument': conversion from 'T' to 'float', possible loss of data
          with
          [
              T=int
          ]
  PlayerController.cpp
c:\users\piete\documents\thirdperson\project_thirdperson\mge_v18_student_version\src\thirdperson\scripts\gridgenerator.h(122): warning C4244: 'argument': conversion from 'float' to 'int', possible loss of data
c:\users\piete\documents\thirdperson\project_thirdperson\mge_v18_student_version\src\thirdperson\scripts\playercontroller.cpp(10): warning C4018: '>': signed/unsigned mismatch
c:\users\piete\documents\thirdperson\project_thirdperson\mge_v18_student_version\src\thirdperson\scripts\playercontroller.cpp(48): warning C4018: '<': signed/unsigned mismatch
c:\users\piete\documents\thirdperson\project_thirdperson\mge_v18_student_version\src\thirdperson\scripts\playercontroller.cpp(66): warning C4018: '<': signed/unsigned mismatch
  Ship.cpp
c:\users\piete\documents\thirdperson\project_thirdperson\mge_v18_student_version\src\thirdperson\scripts\gridgenerator.h(122): warning C4244: 'argument': conversion from 'float' to 'int', possible loss of data
c:\users\piete\documents\thirdperson\project_thirdperson\mge_v18_student_version\src\thirdperson\scripts\ship.cpp(117): warning C4244: 'argument': conversion from 'T' to 'int', possible loss of data
          with
          [
              T=float
          ]
  TreasureObject.cpp
c:\users\piete\documents\thirdperson\project_thirdperson\mge_v18_student_version\src\thirdperson\scripts\gridgenerator.h(122): warning C4244: 'argument': conversion from 'float' to 'int', possible loss of data
  TurnHandler.cpp
c:\users\piete\documents\thirdperson\project_thirdperson\mge_v18_student_version\src\thirdperson\scripts\gridgenerator.h(122): warning C4244: 'argument': conversion from 'float' to 'int', possible loss of data
  UIHandler.cpp
c:\users\piete\documents\thirdperson\project_thirdperson\mge_v18_student_version\src\thirdperson\scripts\uihandler.cpp(33): warning C4244: 'argument': conversion from 'T' to 'float', possible loss of data
          with
          [
              T=unsigned int
          ]
c:\users\piete\documents\thirdperson\project_thirdperson\mge_v18_student_version\src\thirdperson\scripts\uihandler.cpp(38): warning C4244: 'argument': conversion from 'T' to 'float', possible loss of data
          with
          [
              T=unsigned int
          ]
c:\users\piete\documents\thirdperson\project_thirdperson\mge_v18_student_version\src\thirdperson\scripts\uihandler.cpp(43): warning C4244: 'argument': conversion from 'T' to 'float', possible loss of data
          with
          [
              T=unsigned int
          ]
c:\users\piete\documents\thirdperson\project_thirdperson\mge_v18_student_version\src\thirdperson\scripts\uihandler.cpp(48): warning C4244: 'argument': conversion from 'T' to 'float', possible loss of data
          with
          [
              T=unsigned int
          ]
c:\users\piete\documents\thirdperson\project_thirdperson\mge_v18_student_version\src\thirdperson\scripts\uihandler.cpp(53): warning C4244: 'argument': conversion from 'T' to 'float', possible loss of data
          with
          [
              T=unsigned int
          ]
c:\users\piete\documents\thirdperson\project_thirdperson\mge_v18_student_version\src\thirdperson\scripts\uihandler.cpp(58): warning C4244: 'argument': conversion from 'T' to 'float', possible loss of data
          with
          [
              T=unsigned int
          ]
c:\users\piete\documents\thirdperson\project_thirdperson\mge_v18_student_version\src\thirdperson\scripts\uihandler.cpp(75): warning C4018: '<': signed/unsigned mismatch
  ThirdPerson.cpp
c:\users\piete\documents\thirdperson\project_thirdperson\mge_v18_student_version\src\thirdperson\scripts\gridgenerator.h(122): warning C4244: 'argument': conversion from 'float' to 'int', possible loss of data
c:\users\piete\documents\thirdperson\project_thirdperson\mge_v18_student_version\src\thirdperson\thirdperson.cpp(79): warning C4244: '=': conversion from 'lua_Number' to 'int', possible loss of data
c:\users\piete\documents\thirdperson\project_thirdperson\mge_v18_student_version\src\thirdperson\thirdperson.cpp(82): warning C4244: '=': conversion from 'lua_Number' to 'int', possible loss of data
c:\users\piete\documents\thirdperson\project_thirdperson\mge_v18_student_version\src\thirdperson\thirdperson.cpp(85): warning C4244: '=': conversion from 'lua_Number' to 'float', possible loss of data
c:\users\piete\documents\thirdperson\project_thirdperson\mge_v18_student_version\src\thirdperson\thirdperson.cpp(89): warning C4244: '=': conversion from 'lua_Number' to 'int', possible loss of data
c:\users\piete\documents\thirdperson\project_thirdperson\mge_v18_student_version\src\thirdperson\thirdperson.cpp(92): warning C4244: '=': conversion from 'lua_Number' to 'int', possible loss of data
c:\users\piete\documents\thirdperson\project_thirdperson\mge_v18_student_version\src\thirdperson\thirdperson.cpp(95): warning C4244: '=': conversion from 'lua_Number' to 'int', possible loss of data
c:\users\piete\documents\thirdperson\project_thirdperson\mge_v18_student_version\src\thirdperson\thirdperson.cpp(98): warning C4244: '=': conversion from 'lua_Number' to 'int', possible loss of data
c:\users\piete\documents\thirdperson\project_thirdperson\mge_v18_student_version\src\thirdperson\thirdperson.cpp(101): warning C4244: '=': conversion from 'lua_Number' to 'int', possible loss of data
c:\users\piete\documents\thirdperson\project_thirdperson\mge_v18_student_version\src\thirdperson\thirdperson.cpp(104): warning C4244: '=': conversion from 'lua_Number' to 'int', possible loss of data
c:\users\piete\documents\thirdperson\project_thirdperson\mge_v18_student_version\src\thirdperson\thirdperson.cpp(107): warning C4244: '=': conversion from 'lua_Number' to 'int', possible loss of data
c:\users\piete\documents\thirdperson\project_thirdperson\mge_v18_student_version\src\thirdperson\thirdperson.cpp(110): warning C4244: '=': conversion from 'lua_Number' to 'int', possible loss of data
  AbstractGame.cpp
c:\users\piete\documents\thirdperson\project_thirdperson\mge_v18_student_version\src\thirdperson\scripts\gridgenerator.h(122): warning C4244: 'argument': conversion from 'float' to 'int', possible loss of data
c:\users\piete\documents\thirdperson\project_thirdperson\mge_v18_student_version\src\mge\core\abstractgame.cpp(24): warning C4244: 'argument': conversion from 'time_t' to 'unsigned int', possible loss of data
  Generating Code...
  mge.vcxproj -> C:\Users\piete\Documents\ThirdPerson\Project_ThirdPerson\mge_v18_student_version\_vs2015\debug_dynamic_exe/mge.exe
